# JRE version: OpenJDK Runtime Environment (17.0.11) (build 17.0.11+0--11852314)
# Java VM: OpenJDK 64-Bit Server VM (17.0.11+0--11852314, mixed mode, tiered, compressed oops, compressed class ptrs, g1 gc, windows-amd64)
GC Precious Log:
 CPUs: 6 total, 6 available
 Memory: 8002M
 Large Page Support: Disabled
 NUMA Support: Disabled
 Compressed Oops: Enabled (32-bit)
 Heap Region Size: 1M
 Heap Min Capacity: 8M
 Heap Initial Capacity: 126M
 Heap Max Capacity: 2G
 Pre-touch: Disabled
 Parallel Workers: 6
 Concurrent Workers: 2
 Concurrent Refinement Workers: 6
 Periodic GC: Disabled
Heap:
 garbage-first heap   total 301056K, used 133536K [0x0000000080000000, 0x0000000100000000)
  region size 1024K, 2 young (2048K), 2 survivors (2048K)
 Metaspace       used 148984K, committed 150080K, reserved 1179648K
  class space    used 19900K, committed 20480K, reserved 1048576K
GC Heap History (20 events):
Event: 8034.978 GC heap after
{Heap after GC invocations=66 (full 1):
 garbage-first heap   total 301056K, used 115349K [0x0000000080000000, 0x0000000100000000)
  region size 1024K, 6 young (6144K), 6 survivors (6144K)
 Metaspace       used 146299K, committed 147264K, reserved 1179648K
  class space    used 19734K, committed 20224K, reserved 1048576K
}
Event: 8038.668 GC heap before
{Heap before GC invocations=66 (full 1):
 garbage-first heap   total 301056K, used 194197K [0x0000000080000000, 0x0000000100000000)
  region size 1024K, 85 young (87040K), 6 survivors (6144K)
 Metaspace       used 147673K, committed 148736K, reserved 1179648K
  class space    used 19843K, committed 20352K, reserved 1048576K
}
Event: 8038.673 GC heap after
{Heap after GC invocations=67 (full 1):
 garbage-first heap   total 301056K, used 117817K [0x0000000080000000, 0x0000000100000000)
  region size 1024K, 8 young (8192K), 8 survivors (8192K)
 Metaspace       used 147673K, committed 148736K, reserved 1179648K
  class space    used 19843K, committed 20352K, reserved 1048576K
}
Event: 8216.923 GC heap before
{Heap before GC invocations=68 (full 1):
 garbage-first heap   total 301056K, used 249980K [0x0000000080000000, 0x0000000100000000)
  region size 1024K, 115 young (117760K), 8 survivors (8192K)
 Metaspace       used 147980K, committed 149056K, reserved 1179648K
  class space    used 19871K, committed 20416K, reserved 1048576K
}
Event: 8216.993 GC heap after
{Heap after GC invocations=69 (full 1):
 garbage-first heap   total 301056K, used 119151K [0x0000000080000000, 0x0000000100000000)
  region size 1024K, 15 young (15360K), 15 survivors (15360K)
 Metaspace       used 147980K, committed 149056K, reserved 1179648K
  class space    used 19871K, committed 20416K, reserved 1048576K
}
Event: 8217.031 GC heap before
{Heap before GC invocations=69 (full 1):
 garbage-first heap   total 301056K, used 119151K [0x0000000080000000, 0x0000000100000000)
  region size 1024K, 16 young (16384K), 15 survivors (15360K)
 Metaspace       used 147980K, committed 149056K, reserved 1179648K
  class space    used 19871K, committed 20416K, reserved 1048576K
}
Event: 8217.048 GC heap after
{Heap after GC invocations=70 (full 1):
 garbage-first heap   total 301056K, used 119792K [0x0000000080000000, 0x0000000100000000)
  region size 1024K, 2 young (2048K), 2 survivors (2048K)
 Metaspace       used 147980K, committed 149056K, reserved 1179648K
  class space    used 19871K, committed 20416K, reserved 1048576K
}
Event: 8221.751 GC heap before
{Heap before GC invocations=70 (full 1):
 garbage-first heap   total 301056K, used 157680K [0x0000000080000000, 0x0000000100000000)
  region size 1024K, 41 young (41984K), 2 survivors (2048K)
 Metaspace       used 148115K, committed 149248K, reserved 1179648K
  class space    used 19873K, committed 20416K, reserved 1048576K
}
Event: 8221.768 GC heap after
{Heap after GC invocations=71 (full 1):
 garbage-first heap   total 301056K, used 120236K [0x0000000080000000, 0x0000000100000000)
  region size 1024K, 2 young (2048K), 2 survivors (2048K)
 Metaspace       used 148115K, committed 149248K, reserved 1179648K
  class space    used 19873K, committed 20416K, reserved 1048576K
}
Event: 8377.080 GC heap before
{Heap before GC invocations=72 (full 1):
 garbage-first heap   total 301056K, used 264620K [0x0000000080000000, 0x0000000100000000)
  region size 1024K, 114 young (116736K), 2 survivors (2048K)
 Metaspace       used 148458K, committed 149568K, reserved 1179648K
  class space    used 19891K, committed 20480K, reserved 1048576K
}
Event: 8377.130 GC heap after
{Heap after GC invocations=73 (full 1):
 garbage-first heap   total 301056K, used 130746K [0x0000000080000000, 0x0000000100000000)
  region size 1024K, 13 young (13312K), 13 survivors (13312K)
 Metaspace       used 148458K, committed 149568K, reserved 1179648K
  class space    used 19891K, committed 20480K, reserved 1048576K
}
Event: 8377.139 GC heap before
{Heap before GC invocations=73 (full 1):
 garbage-first heap   total 301056K, used 131770K [0x0000000080000000, 0x0000000100000000)
  region size 1024K, 14 young (14336K), 13 survivors (13312K)
 Metaspace       used 148458K, committed 149568K, reserved 1179648K
  class space    used 19891K, committed 20480K, reserved 1048576K
}
Event: 8377.170 GC heap after
{Heap after GC invocations=74 (full 1):
 garbage-first heap   total 301056K, used 130267K [0x0000000080000000, 0x0000000100000000)
  region size 1024K, 2 young (2048K), 2 survivors (2048K)
 Metaspace       used 148458K, committed 149568K, reserved 1179648K
  class space    used 19891K, committed 20480K, reserved 1048576K
}
Event: 8380.710 GC heap before
{Heap before GC invocations=74 (full 1):
 garbage-first heap   total 301056K, used 160987K [0x0000000080000000, 0x0000000100000000)
  region size 1024K, 34 young (34816K), 2 survivors (2048K)
 Metaspace       used 148555K, committed 149760K, reserved 1179648K
  class space    used 19894K, committed 20480K, reserved 1048576K
}
Event: 8380.719 GC heap after
{Heap after GC invocations=75 (full 1):
 garbage-first heap   total 301056K, used 129967K [0x0000000080000000, 0x0000000100000000)
  region size 1024K, 2 young (2048K), 2 survivors (2048K)
 Metaspace       used 148555K, committed 149760K, reserved 1179648K
  class space    used 19894K, committed 20480K, reserved 1048576K
}
Event: 8644.424 GC heap before
{Heap before GC invocations=76 (full 1):
 garbage-first heap   total 301056K, used 267183K [0x0000000080000000, 0x0000000100000000)
  region size 1024K, 107 young (109568K), 2 survivors (2048K)
 Metaspace       used 148835K, committed 150016K, reserved 1179648K
  class space    used 19896K, committed 20480K, reserved 1048576K
}
Event: 8644.480 GC heap after
{Heap after GC invocations=77 (full 1):
 garbage-first heap   total 301056K, used 140140K [0x0000000080000000, 0x0000000100000000)
  region size 1024K, 12 young (12288K), 12 survivors (12288K)
 Metaspace       used 148835K, committed 150016K, reserved 1179648K
  class space    used 19896K, committed 20480K, reserved 1048576K
}
Event: 8644.547 GC heap before
{Heap before GC invocations=77 (full 1):
 garbage-first heap   total 301056K, used 142188K [0x0000000080000000, 0x0000000100000000)
  region size 1024K, 14 young (14336K), 12 survivors (12288K)
 Metaspace       used 148835K, committed 150016K, reserved 1179648K
  class space    used 19896K, committed 20480K, reserved 1048576K
}
Event: 8644.591 GC heap after
{Heap after GC invocations=78 (full 1):
 garbage-first heap   total 301056K, used 132865K [0x0000000080000000, 0x0000000100000000)
  region size 1024K, 1 young (1024K), 1 survivors (1024K)
 Metaspace       used 148835K, committed 150016K, reserved 1179648K
  class space    used 19896K, committed 20480K, reserved 1048576K
}
Event: 8649.579 GC heap before
{Heap before GC invocations=78 (full 1):
 garbage-first heap   total 301056K, used 171777K [0x0000000080000000, 0x0000000100000000)
  region size 1024K, 41 young (41984K), 1 survivors (1024K)
 Metaspace       used 148984K, committed 150080K, reserved 1179648K
  class space    used 19900K, committed 20480K, reserved 1048576K
}

